<?xml version="1.0" encoding="UTF-8"?>
<testsuite name="grepTest" tests="1" skipped="0" failures="0" errors="0" timestamp="2022-04-16T09:51:56" hostname="MIHAIL-NIKANORE" time="0.254">
  <properties/>
  <testcase name="test()" classname="grepTest" time="0.254"/>
  <system-out><![CDATA[Matches found: 1
----------------------------------------
words tO chEck

Matches found: 2
----------------------------------------
words tO chEck
LateR.

Matches found: 3
----------------------------------------
words tO chEck
need, necEssarily, to Invent.
LateR.

Matches found: 1
----------------------------------------
LateR.

Matches found: 1
----------------------------------------
need, necEssarily, to Invent.

]]></system-out>
  <system-err><![CDATA[]]></system-err>
</testsuite>
